<?xml version="1.0" encoding="utf-8"?><testsuite errors="0" failures="0" name="pytest" skips="0" tests="4" time="0.322"><testcase classname="pytests.test_index" file="pytests/test_index.py" line="12" name="test_conda_environment_activated" time="0.002109050750732422"></testcase><testcase classname="pytests.test_index" file="pytests/test_index.py" line="15" name="test_travel_month" time="0.0007407665252685547"></testcase><testcase classname="pytests.test_index" file="pytests/test_index.py" line="19" name="test_number_of_weeks" time="0.0005893707275390625"></testcase><testcase classname="pytests.test_index" file="pytests/test_index.py" line="23" name="test_travelling_schedule" time="0.0008788108825683594"></testcase></testsuite>